<?xml version="1.0" encoding="UTF-8"?>
<!-- Generated by org.testng.reporters.JUnitXMLReporter -->
<testsuite ignored="0" hostname="DESKTOP-5G4IKES" failures="0" tests="2" name="Default test" time="9.942" errors="0" timestamp="2024-03-02T21:47:41 IST">
  <testcase classname="seleniumtestngframework.tests.LoginTests" name="captureLoginButtonImage" time="0.607"/>
  <testcase classname="seleniumtestngframework.tests.LoginTests" name="validateLoginButtonStyleUsingImage" time="0.382"/>
</testsuite> <!-- Default test -->
