<?xml version="1.0" encoding="UTF-8"?>
<!-- Generated by org.testng.reporters.JUnitXMLReporter -->
<testsuite ignored="0" hostname="DESKTOP-5G4IKES" failures="0" tests="2" name="Test" time="12.429" errors="0" timestamp="2024-02-25T19:12:29 IST">
  <testcase classname="seleniumtestngframework.tests.StandAloneTest" name="validateCheckBoxCount" time="0.875"/>
  <testcase classname="seleniumtestngframework.tests.ErrorMessageValidations" name="validateLoginErrorMessage" time="0.814"/>
</testsuite> <!-- Test -->
