<?xml version="1.0" encoding="UTF-8"?>
<testng-results ignored="0" total="2" passed="2" failed="0" skipped="0">
  <reporter-output>
  </reporter-output>
  <suite started-at="2024-02-25T19:14:31 IST" name="Suite" finished-at="2024-02-25T19:14:39 IST" duration-ms="8003">
    <groups>
    </groups>
    <test started-at="2024-02-25T19:14:31 IST" name="StandAloneTest Test" finished-at="2024-02-25T19:14:36 IST" duration-ms="4828">
      <class name="seleniumtestngframework.tests.StandAloneTest">
        <test-method is-config="true" signature="lauchApplication()[pri:0, instance:seleniumtestngframework.tests.StandAloneTest@4df50bcc]" started-at="2024-02-25T19:14:31 IST" name="lauchApplication" finished-at="2024-02-25T19:14:35 IST" duration-ms="3906" status="PASS">
          <reporter-output>
          </reporter-output>
        </test-method> <!-- lauchApplication -->
        <test-method signature="validateCheckBoxCount()[pri:0, instance:seleniumtestngframework.tests.StandAloneTest@4df50bcc]" started-at="2024-02-25T19:14:35 IST" name="validateCheckBoxCount" finished-at="2024-02-25T19:14:35 IST" duration-ms="642" status="PASS">
          <reporter-output>
          </reporter-output>
        </test-method> <!-- validateCheckBoxCount -->
        <test-method is-config="true" signature="closeDriver()[pri:0, instance:seleniumtestngframework.tests.StandAloneTest@4df50bcc]" started-at="2024-02-25T19:14:35 IST" name="closeDriver" finished-at="2024-02-25T19:14:36 IST" duration-ms="235" status="PASS">
          <reporter-output>
          </reporter-output>
        </test-method> <!-- closeDriver -->
      </class> <!-- seleniumtestngframework.tests.StandAloneTest -->
    </test> <!-- StandAloneTest Test -->
    <test started-at="2024-02-25T19:14:36 IST" name="ErrorMessageValidations Test" finished-at="2024-02-25T19:14:39 IST" duration-ms="3123">
      <class name="seleniumtestngframework.tests.ErrorMessageValidations">
        <test-method is-config="true" signature="lauchApplication()[pri:0, instance:seleniumtestngframework.tests.ErrorMessageValidations@cd3fee8]" started-at="2024-02-25T19:14:36 IST" name="lauchApplication" finished-at="2024-02-25T19:14:38 IST" duration-ms="2298" status="PASS">
          <reporter-output>
          </reporter-output>
        </test-method> <!-- lauchApplication -->
        <test-method signature="validateLoginErrorMessage()[pri:0, instance:seleniumtestngframework.tests.ErrorMessageValidations@cd3fee8]" started-at="2024-02-25T19:14:38 IST" name="validateLoginErrorMessage" finished-at="2024-02-25T19:14:39 IST" duration-ms="625" status="PASS">
          <reporter-output>
          </reporter-output>
        </test-method> <!-- validateLoginErrorMessage -->
        <test-method is-config="true" signature="closeDriver()[pri:0, instance:seleniumtestngframework.tests.ErrorMessageValidations@cd3fee8]" started-at="2024-02-25T19:14:39 IST" name="closeDriver" finished-at="2024-02-25T19:14:39 IST" duration-ms="199" status="PASS">
          <reporter-output>
          </reporter-output>
        </test-method> <!-- closeDriver -->
      </class> <!-- seleniumtestngframework.tests.ErrorMessageValidations -->
    </test> <!-- ErrorMessageValidations Test -->
  </suite> <!-- Suite -->
</testng-results>
