<?xml version="1.0" encoding="UTF-8"?>
<testng-results ignored="0" total="2" passed="2" failed="0" skipped="0">
  <reporter-output>
  </reporter-output>
  <suite started-at="2024-02-25T19:12:17 IST" name="Suite" finished-at="2024-02-25T19:12:29 IST" duration-ms="12429">
    <groups>
    </groups>
    <test started-at="2024-02-25T19:12:17 IST" name="Test" finished-at="2024-02-25T19:12:29 IST" duration-ms="12429">
      <class name="seleniumtestngframework.tests.StandAloneTest">
        <test-method is-config="true" signature="lauchApplication()[pri:0, instance:seleniumtestngframework.tests.StandAloneTest@5f9b2141]" started-at="2024-02-25T19:12:17 IST" name="lauchApplication" finished-at="2024-02-25T19:12:24 IST" duration-ms="7547" status="PASS">
          <reporter-output>
          </reporter-output>
        </test-method> <!-- lauchApplication -->
        <test-method signature="validateCheckBoxCount()[pri:0, instance:seleniumtestngframework.tests.StandAloneTest@5f9b2141]" started-at="2024-02-25T19:12:24 IST" name="validateCheckBoxCount" finished-at="2024-02-25T19:12:25 IST" duration-ms="875" status="PASS">
          <reporter-output>
          </reporter-output>
        </test-method> <!-- validateCheckBoxCount -->
        <test-method is-config="true" signature="closeDriver()[pri:0, instance:seleniumtestngframework.tests.StandAloneTest@5f9b2141]" started-at="2024-02-25T19:12:25 IST" name="closeDriver" finished-at="2024-02-25T19:12:26 IST" duration-ms="390" status="PASS">
          <reporter-output>
          </reporter-output>
        </test-method> <!-- closeDriver -->
      </class> <!-- seleniumtestngframework.tests.StandAloneTest -->
      <class name="seleniumtestngframework.tests.ErrorMessageValidations">
        <test-method is-config="true" signature="lauchApplication()[pri:0, instance:seleniumtestngframework.tests.ErrorMessageValidations@71def8f8]" started-at="2024-02-25T19:12:26 IST" name="lauchApplication" finished-at="2024-02-25T19:12:28 IST" duration-ms="2500" status="PASS">
          <reporter-output>
          </reporter-output>
        </test-method> <!-- lauchApplication -->
        <test-method signature="validateLoginErrorMessage()[pri:0, instance:seleniumtestngframework.tests.ErrorMessageValidations@71def8f8]" started-at="2024-02-25T19:12:28 IST" name="validateLoginErrorMessage" finished-at="2024-02-25T19:12:29 IST" duration-ms="814" status="PASS">
          <reporter-output>
          </reporter-output>
        </test-method> <!-- validateLoginErrorMessage -->
        <test-method is-config="true" signature="closeDriver()[pri:0, instance:seleniumtestngframework.tests.ErrorMessageValidations@71def8f8]" started-at="2024-02-25T19:12:29 IST" name="closeDriver" finished-at="2024-02-25T19:12:29 IST" duration-ms="249" status="PASS">
          <reporter-output>
          </reporter-output>
        </test-method> <!-- closeDriver -->
      </class> <!-- seleniumtestngframework.tests.ErrorMessageValidations -->
    </test> <!-- Test -->
  </suite> <!-- Suite -->
</testng-results>
