<?xml version="1.0" encoding="UTF-8"?>
<testng-results ignored="0" total="2" passed="2" failed="0" skipped="0">
  <reporter-output>
  </reporter-output>
  <suite started-at="2024-03-02T21:47:31 IST" name="Default suite" finished-at="2024-03-02T21:47:41 IST" duration-ms="9942">
    <groups>
    </groups>
    <test started-at="2024-03-02T21:47:31 IST" name="Default test" finished-at="2024-03-02T21:47:41 IST" duration-ms="9942">
      <class name="seleniumtestngframework.tests.LoginTests">
        <test-method is-config="true" signature="lauchApplication()[pri:0, instance:seleniumtestngframework.tests.LoginTests@2fd1433e]" started-at="2024-03-02T21:47:31 IST" name="lauchApplication" finished-at="2024-03-02T21:47:37 IST" duration-ms="5975" status="PASS">
          <reporter-output>
          </reporter-output>
        </test-method> <!-- lauchApplication -->
        <test-method signature="captureLoginButtonImage()[pri:0, instance:seleniumtestngframework.tests.LoginTests@2fd1433e]" started-at="2024-03-02T21:47:37 IST" name="captureLoginButtonImage" finished-at="2024-03-02T21:47:38 IST" duration-ms="607" status="PASS">
          <reporter-output>
          </reporter-output>
        </test-method> <!-- captureLoginButtonImage -->
        <test-method is-config="true" signature="closeDriver()[pri:0, instance:seleniumtestngframework.tests.LoginTests@2fd1433e]" started-at="2024-03-02T21:47:38 IST" name="closeDriver" finished-at="2024-03-02T21:47:38 IST" duration-ms="332" status="PASS">
          <reporter-output>
          </reporter-output>
        </test-method> <!-- closeDriver -->
        <test-method is-config="true" signature="lauchApplication()[pri:0, instance:seleniumtestngframework.tests.LoginTests@2fd1433e]" started-at="2024-03-02T21:47:38 IST" name="lauchApplication" finished-at="2024-03-02T21:47:41 IST" duration-ms="2298" status="PASS">
          <reporter-output>
          </reporter-output>
        </test-method> <!-- lauchApplication -->
        <test-method signature="validateLoginButtonStyleUsingImage()[pri:0, instance:seleniumtestngframework.tests.LoginTests@2fd1433e]" started-at="2024-03-02T21:47:41 IST" name="validateLoginButtonStyleUsingImage" finished-at="2024-03-02T21:47:41 IST" duration-ms="382" status="PASS">
          <reporter-output>
          </reporter-output>
        </test-method> <!-- validateLoginButtonStyleUsingImage -->
        <test-method is-config="true" signature="closeDriver()[pri:0, instance:seleniumtestngframework.tests.LoginTests@2fd1433e]" started-at="2024-03-02T21:47:41 IST" name="closeDriver" finished-at="2024-03-02T21:47:41 IST" duration-ms="294" status="PASS">
          <reporter-output>
          </reporter-output>
        </test-method> <!-- closeDriver -->
      </class> <!-- seleniumtestngframework.tests.LoginTests -->
    </test> <!-- Default test -->
  </suite> <!-- Default suite -->
</testng-results>
